This is pdfTeX, Version 3.141592653-2.6-1.40.28 (MiKTeX 25.12) (preloaded format=pdflatex.fmt)
 restricted \write18 enabled.
entering extended mode
(main.tex
LaTeX2e <2025-11-01>
L3 programming layer <2025-12-24>
(C:\Users\Phu\AppData\Local\Programs\MiKTeX\tex/latex/base\report.cls
Document Class: report 2025/01/22 v1.4n Standard LaTeX document class
(C:\Users\Phu\AppData\Local\Programs\MiKTeX\tex/latex/base\size12.clo))
(C:\Users\Phu\AppData\Local\Programs\MiKTeX\tex/latex/base\inputenc.sty)
(C:\Users\Phu\AppData\Local\Programs\MiKTeX\tex/latex/base\fontenc.sty
(C:\Users\Phu\AppData\Local\Programs\MiKTeX\tex/latex/vntex\t5enc.def
(C:\Users\Phu\AppData\Local\Programs\MiKTeX\tex/latex/vntex\t5enc.dfu))
(C:\Users\Phu\AppData\Local\Programs\MiKTeX\tex/latex/vntex\t5cmr.fd))
(C:\Users\Phu\AppData\Local\Programs\MiKTeX\tex/generic/babel\babel.sty
(C:\Users\Phu\AppData\Local\Programs\MiKTeX\tex/generic/babel\txtbabel.def)
*************************************
* Local config file bblopts.cfg used
*
(C:\Users\Phu\AppData\Local\Programs\MiKTeX\tex/latex/arabi\bblopts.cfg)
(C:\Users\Phu\AppData\Local\Programs\MiKTeX\tex/generic/babel/locale/vi\babel-v
ietnamese.tex)
(C:\Users\Phu\AppData\Local\Programs\MiKTeX\tex/latex/babel-vietnamese\vietname
se.ldf

Package babel Warning: No hyphenation patterns were preloaded for
(babel)                the language 'Vietnamese' into the format.
(babel)                Please, configure your TeX system to add them and
(babel)                rebuild the format. Now I will use the patterns
(babel)                preloaded for \language=0 instead on input line 36.

Loading definitions for the Vietnamese font encoding
(C:\Users\Phu\AppData\Local\Programs\MiKTeX\tex/latex/vntex\t5enc.def)))
(C:\Users\Phu\AppData\Local\Programs\MiKTeX\tex/latex/psnfss\mathptmx.sty)
(C:\Users\Phu\AppData\Local\Programs\MiKTeX\tex/latex/geometry\geometry.sty
(C:\Users\Phu\AppData\Local\Programs\MiKTeX\tex/latex/graphics\keyval.sty)
(C:\Users\Phu\AppData\Local\Programs\MiKTeX\tex/generic/iftex\ifvtex.sty
(C:\Users\Phu\AppData\Local\Programs\MiKTeX\tex/generic/iftex\iftex.sty))
(C:\Users\Phu\AppData\Local\Programs\MiKTeX\tex/latex/geometry\geometry.cfg))
(C:\Users\Phu\AppData\Local\Programs\MiKTeX\tex/latex/setspace\setspace.sty)
(C:\Users\Phu\AppData\Local\Programs\MiKTeX\tex/latex/tools\indentfirst.sty)
(C:\Users\Phu\AppData\Local\Programs\MiKTeX\tex/latex/fancyhdr\fancyhdr.sty)
(C:\Users\Phu\AppData\Local\Programs\MiKTeX\tex/latex/graphics\graphicx.sty
(C:\Users\Phu\AppData\Local\Programs\MiKTeX\tex/latex/graphics\graphics.sty
(C:\Users\Phu\AppData\Local\Programs\MiKTeX\tex/latex/graphics\trig.sty)
(C:\Users\Phu\AppData\Local\Programs\MiKTeX\tex/latex/graphics-cfg\graphics.cfg
) (C:\Users\Phu\AppData\Local\Programs\MiKTeX\tex/latex/graphics-def\pdftex.def
))) (C:\Users\Phu\AppData\Local\Programs\MiKTeX\tex/latex/float\float.sty)
(C:\Users\Phu\AppData\Local\Programs\MiKTeX\tex/latex/booktabs\booktabs.sty)
(C:\Users\Phu\AppData\Local\Programs\MiKTeX\tex/latex/tools\array.sty)
(C:\Users\Phu\AppData\Local\Programs\MiKTeX\tex/latex/multirow\multirow.sty)
(C:\Users\Phu\AppData\Local\Programs\MiKTeX\tex/latex/tools\longtable.sty)
(C:\Users\Phu\AppData\Local\Programs\MiKTeX\tex/latex/pgf/frontendlayer\tikz.st
y (C:\Users\Phu\AppData\Local\Programs\MiKTeX\tex/latex/pgf/basiclayer\pgf.sty
(C:\Users\Phu\AppData\Local\Programs\MiKTeX\tex/latex/pgf/utilities\pgfrcs.sty
(C:\Users\Phu\AppData\Local\Programs\MiKTeX\tex/generic/pgf/utilities\pgfutil-c
ommon.tex)
(C:\Users\Phu\AppData\Local\Programs\MiKTeX\tex/generic/pgf/utilities\pgfutil-l
atex.def)
(C:\Users\Phu\AppData\Local\Programs\MiKTeX\tex/generic/pgf/utilities\pgfrcs.co
de.tex
(C:\Users\Phu\AppData\Local\Programs\MiKTeX\tex/generic/pgf\pgf.revision.tex)))

(C:\Users\Phu\AppData\Local\Programs\MiKTeX\tex/latex/pgf/basiclayer\pgfcore.st
y
(C:\Users\Phu\AppData\Local\Programs\MiKTeX\tex/latex/pgf/systemlayer\pgfsys.st
y
(C:\Users\Phu\AppData\Local\Programs\MiKTeX\tex/generic/pgf/systemlayer\pgfsys.
code.tex
(C:\Users\Phu\AppData\Local\Programs\MiKTeX\tex/generic/pgf/utilities\pgfkeys.c
ode.tex
(C:\Users\Phu\AppData\Local\Programs\MiKTeX\tex/generic/pgf/utilities\pgfkeysli
braryfiltered.code.tex))
(C:\Users\Phu\AppData\Local\Programs\MiKTeX\tex/generic/pgf/systemlayer\pgf.cfg
)
(C:\Users\Phu\AppData\Local\Programs\MiKTeX\tex/generic/pgf/systemlayer\pgfsys-
pdftex.def
(C:\Users\Phu\AppData\Local\Programs\MiKTeX\tex/generic/pgf/systemlayer\pgfsys-
common-pdf.def)))
(C:\Users\Phu\AppData\Local\Programs\MiKTeX\tex/generic/pgf/systemlayer\pgfsyss
oftpath.code.tex)
(C:\Users\Phu\AppData\Local\Programs\MiKTeX\tex/generic/pgf/systemlayer\pgfsysp
rotocol.code.tex))
(C:\Users\Phu\AppData\Local\Programs\MiKTeX\tex/latex/xcolor\xcolor.sty
(C:\Users\Phu\AppData\Local\Programs\MiKTeX\tex/latex/graphics-cfg\color.cfg)
(C:\Users\Phu\AppData\Local\Programs\MiKTeX\tex/latex/graphics\mathcolor.ltx))
(C:\Users\Phu\AppData\Local\Programs\MiKTeX\tex/generic/pgf/basiclayer\pgfcore.
code.tex
(C:\Users\Phu\AppData\Local\Programs\MiKTeX\tex/generic/pgf/math\pgfmath.code.t
ex
(C:\Users\Phu\AppData\Local\Programs\MiKTeX\tex/generic/pgf/math\pgfmathutil.co
de.tex)
(C:\Users\Phu\AppData\Local\Programs\MiKTeX\tex/generic/pgf/math\pgfmathparser.
code.tex)
(C:\Users\Phu\AppData\Local\Programs\MiKTeX\tex/generic/pgf/math\pgfmathfunctio
ns.code.tex)
(C:\Users\Phu\AppData\Local\Programs\MiKTeX\tex/generic/pgf/math\pgfmathfunctio
ns.basic.code.tex)
(C:\Users\Phu\AppData\Local\Programs\MiKTeX\tex/generic/pgf/math\pgfmathfunctio
ns.trigonometric.code.tex)
(C:\Users\Phu\AppData\Local\Programs\MiKTeX\tex/generic/pgf/math\pgfmathfunctio
ns.random.code.tex)
(C:\Users\Phu\AppData\Local\Programs\MiKTeX\tex/generic/pgf/math\pgfmathfunctio
ns.comparison.code.tex)
(C:\Users\Phu\AppData\Local\Programs\MiKTeX\tex/generic/pgf/math\pgfmathfunctio
ns.base.code.tex)
(C:\Users\Phu\AppData\Local\Programs\MiKTeX\tex/generic/pgf/math\pgfmathfunctio
ns.round.code.tex)
(C:\Users\Phu\AppData\Local\Programs\MiKTeX\tex/generic/pgf/math\pgfmathfunctio
ns.misc.code.tex)
(C:\Users\Phu\AppData\Local\Programs\MiKTeX\tex/generic/pgf/math\pgfmathfunctio
ns.integerarithmetics.code.tex)
(C:\Users\Phu\AppData\Local\Programs\MiKTeX\tex/generic/pgf/math\pgfmathcalc.co
de.tex)
(C:\Users\Phu\AppData\Local\Programs\MiKTeX\tex/generic/pgf/math\pgfmathfloat.c
ode.tex))
(C:\Users\Phu\AppData\Local\Programs\MiKTeX\tex/generic/pgf/math\pgfint.code.te
x)
(C:\Users\Phu\AppData\Local\Programs\MiKTeX\tex/generic/pgf/basiclayer\pgfcorep
oints.code.tex)
(C:\Users\Phu\AppData\Local\Programs\MiKTeX\tex/generic/pgf/basiclayer\pgfcorep
athconstruct.code.tex)
(C:\Users\Phu\AppData\Local\Programs\MiKTeX\tex/generic/pgf/basiclayer\pgfcorep
athusage.code.tex)
(C:\Users\Phu\AppData\Local\Programs\MiKTeX\tex/generic/pgf/basiclayer\pgfcores
copes.code.tex)
(C:\Users\Phu\AppData\Local\Programs\MiKTeX\tex/generic/pgf/basiclayer\pgfcoreg
raphicstate.code.tex)
(C:\Users\Phu\AppData\Local\Programs\MiKTeX\tex/generic/pgf/basiclayer\pgfcoret
ransformations.code.tex)
(C:\Users\Phu\AppData\Local\Programs\MiKTeX\tex/generic/pgf/basiclayer\pgfcoreq
uick.code.tex)
(C:\Users\Phu\AppData\Local\Programs\MiKTeX\tex/generic/pgf/basiclayer\pgfcoreo
bjects.code.tex)
(C:\Users\Phu\AppData\Local\Programs\MiKTeX\tex/generic/pgf/basiclayer\pgfcorep
athprocessing.code.tex)
(C:\Users\Phu\AppData\Local\Programs\MiKTeX\tex/generic/pgf/basiclayer\pgfcorea
rrows.code.tex)
(C:\Users\Phu\AppData\Local\Programs\MiKTeX\tex/generic/pgf/basiclayer\pgfcores
hade.code.tex)
(C:\Users\Phu\AppData\Local\Programs\MiKTeX\tex/generic/pgf/basiclayer\pgfcorei
mage.code.tex)
(C:\Users\Phu\AppData\Local\Programs\MiKTeX\tex/generic/pgf/basiclayer\pgfcoree
xternal.code.tex)
(C:\Users\Phu\AppData\Local\Programs\MiKTeX\tex/generic/pgf/basiclayer\pgfcorel
ayers.code.tex)
(C:\Users\Phu\AppData\Local\Programs\MiKTeX\tex/generic/pgf/basiclayer\pgfcoret
ransparency.code.tex)
(C:\Users\Phu\AppData\Local\Programs\MiKTeX\tex/generic/pgf/basiclayer\pgfcorep
atterns.code.tex)
(C:\Users\Phu\AppData\Local\Programs\MiKTeX\tex/generic/pgf/basiclayer\pgfcorer
df.code.tex)))
(C:\Users\Phu\AppData\Local\Programs\MiKTeX\tex/generic/pgf/modules\pgfmodulesh
apes.code.tex)
(C:\Users\Phu\AppData\Local\Programs\MiKTeX\tex/generic/pgf/modules\pgfmodulepl
ot.code.tex)
(C:\Users\Phu\AppData\Local\Programs\MiKTeX\tex/latex/pgf/compatibility\pgfcomp
-version-0-65.sty)
(C:\Users\Phu\AppData\Local\Programs\MiKTeX\tex/latex/pgf/compatibility\pgfcomp
-version-1-18.sty))
(C:\Users\Phu\AppData\Local\Programs\MiKTeX\tex/latex/pgf/utilities\pgffor.sty
(C:\Users\Phu\AppData\Local\Programs\MiKTeX\tex/latex/pgf/utilities\pgfkeys.sty

(C:\Users\Phu\AppData\Local\Programs\MiKTeX\tex/generic/pgf/utilities\pgfkeys.c
ode.tex))
(C:\Users\Phu\AppData\Local\Programs\MiKTeX\tex/latex/pgf/math\pgfmath.sty
(C:\Users\Phu\AppData\Local\Programs\MiKTeX\tex/generic/pgf/math\pgfmath.code.t
ex))
(C:\Users\Phu\AppData\Local\Programs\MiKTeX\tex/generic/pgf/utilities\pgffor.co
de.tex))
(C:\Users\Phu\AppData\Local\Programs\MiKTeX\tex/generic/pgf/frontendlayer/tikz\
tikz.code.tex
(C:\Users\Phu\AppData\Local\Programs\MiKTeX\tex/generic/pgf/libraries\pgflibrar
yplothandlers.code.tex)
(C:\Users\Phu\AppData\Local\Programs\MiKTeX\tex/generic/pgf/modules\pgfmodulema
trix.code.tex)
(C:\Users\Phu\AppData\Local\Programs\MiKTeX\tex/generic/pgf/frontendlayer/tikz/
libraries\tikzlibrarytopaths.code.tex)))
(C:\Users\Phu\AppData\Local\Programs\MiKTeX\tex/generic/pgf/frontendlayer/tikz/
libraries\tikzlibrarycalc.code.tex)
(C:\Users\Phu\AppData\Local\Programs\MiKTeX\tex/latex/enumitem\enumitem.sty)
(C:\Users\Phu\AppData\Local\Programs\MiKTeX\tex/latex/caption\caption.sty
(C:\Users\Phu\AppData\Local\Programs\MiKTeX\tex/latex/caption\caption3.sty)
(C:\Users\Phu\AppData\Local\Programs\MiKTeX\tex/latex/caption\ltcaption.sty))
(C:\Users\Phu\AppData\Local\Programs\MiKTeX\tex/latex/listings\listings.sty
(C:\Users\Phu\AppData\Local\Programs\MiKTeX\tex/latex/listings\lstpatch.sty)
(C:\Users\Phu\AppData\Local\Programs\MiKTeX\tex/latex/listings\lstmisc.sty)
(C:\Users\Phu\AppData\Local\Programs\MiKTeX\tex/latex/listings\listings.cfg))
==> First Aid for listings.sty no longer applied!
    Expected:
        2024/09/23 1.10c (Carsten Heinz)
    but found:
        2025/11/14 1.11b (Carsten Heinz)
    so I'm assuming it got fixed.
(C:\Users\Phu\AppData\Local\Programs\MiKTeX\tex/latex/amsmath\amsmath.sty
For additional information on amsmath, use the `?' option.
(C:\Users\Phu\AppData\Local\Programs\MiKTeX\tex/latex/amsmath\amstext.sty
(C:\Users\Phu\AppData\Local\Programs\MiKTeX\tex/latex/amsmath\amsgen.sty))
(C:\Users\Phu\AppData\Local\Programs\MiKTeX\tex/latex/amsmath\amsbsy.sty)
(C:\Users\Phu\AppData\Local\Programs\MiKTeX\tex/latex/amsmath\amsopn.sty))
(C:\Users\Phu\AppData\Local\Programs\MiKTeX\tex/latex/amsfonts\amssymb.sty
(C:\Users\Phu\AppData\Local\Programs\MiKTeX\tex/latex/amsfonts\amsfonts.sty))
(C:\Users\Phu\AppData\Local\Programs\MiKTeX\tex/latex/titlesec\titlesec.sty)
(C:\Users\Phu\AppData\Local\Programs\MiKTeX\tex/latex/hyperref\hyperref.sty
(C:\Users\Phu\AppData\Local\Programs\MiKTeX\tex/latex/kvsetkeys\kvsetkeys.sty)
(C:\Users\Phu\AppData\Local\Programs\MiKTeX\tex/generic/kvdefinekeys\kvdefineke
ys.sty)
(C:\Users\Phu\AppData\Local\Programs\MiKTeX\tex/generic/pdfescape\pdfescape.sty
(C:\Users\Phu\AppData\Local\Programs\MiKTeX\tex/generic/ltxcmds\ltxcmds.sty)
(C:\Users\Phu\AppData\Local\Programs\MiKTeX\tex/generic/pdftexcmds\pdftexcmds.s
ty
(C:\Users\Phu\AppData\Local\Programs\MiKTeX\tex/generic/infwarerr\infwarerr.sty
))) (C:\Users\Phu\AppData\Local\Programs\MiKTeX\tex/latex/hycolor\hycolor.sty)
(C:\Users\Phu\AppData\Local\Programs\MiKTeX\tex/latex/hyperref\nameref.sty
(C:\Users\Phu\AppData\Local\Programs\MiKTeX\tex/latex/refcount\refcount.sty)
(C:\Users\Phu\AppData\Local\Programs\MiKTeX\tex/generic/gettitlestring\gettitle
string.sty
(C:\Users\Phu\AppData\Local\Programs\MiKTeX\tex/latex/kvoptions\kvoptions.sty))
) (C:\Users\Phu\AppData\Local\Programs\MiKTeX\tex/latex/etoolbox\etoolbox.sty)
(C:\Users\Phu\AppData\Local\Programs\MiKTeX\tex/generic/stringenc\stringenc.sty
) (C:\Users\Phu\AppData\Local\Programs\MiKTeX\tex/latex/hyperref\pd1enc.def)
(C:\Users\Phu\AppData\Local\Programs\MiKTeX\tex/generic/intcalc\intcalc.sty)
(C:\Users\Phu\AppData\Local\Programs\MiKTeX\tex/latex/hyperref\puenc.def)
(C:\Users\Phu\AppData\Local\Programs\MiKTeX\tex/latex/url\url.sty)
(C:\Users\Phu\AppData\Local\Programs\MiKTeX\tex/generic/bitset\bitset.sty
(C:\Users\Phu\AppData\Local\Programs\MiKTeX\tex/generic/bigintcalc\bigintcalc.s
ty)))
(C:\Users\Phu\AppData\Local\Programs\MiKTeX\tex/latex/hyperref\hpdftex.def
(C:\Users\Phu\AppData\Local\Programs\MiKTeX\tex/latex/rerunfilecheck\rerunfilec
heck.sty
(C:\Users\Phu\AppData\Local\Programs\MiKTeX\tex/generic/uniquecounter\uniquecou
nter.sty)))
(C:\Users\Phu\AppData\Local\Programs\MiKTeX\tex/latex/bookmark\bookmark.sty
(C:\Users\Phu\AppData\Local\Programs\MiKTeX\tex/latex/bookmark\bkm-pdftex.def))
(C:\Users\Phu\AppData\Local\Programs\MiKTeX\tex/latex/vntex\t5ptm.fd)
(C:\Users\Phu\AppData\Local\Programs\MiKTeX\tex/latex/l3backend\l3backend-pdfte
x.def) (F:\DATN_rp\build\main.aux)
*geometry* driver: auto-detecting
*geometry* detected driver: pdftex

(C:\Users\Phu\AppData\Local\Programs\MiKTeX\tex/context/base/mkii\supp-pdf.mkii
[Loading MPS to PDF converter (version 2006.09.02).]
)
(C:\Users\Phu\AppData\Local\Programs\MiKTeX\tex/latex/epstopdf-pkg\epstopdf-bas
e.sty
(C:\Users\Phu\AppData\Local\Programs\MiKTeX\tex/latex/00miktex\epstopdf-sys.cfg
)) (sections/00_cover.tex
(C:\Users\Phu\AppData\Local\Programs\MiKTeX\tex/latex/psnfss\ot1ztmcm.fd)
(C:\Users\Phu\AppData\Local\Programs\MiKTeX\tex/latex/psnfss\omlztmcm.fd)
(C:\Users\Phu\AppData\Local\Programs\MiKTeX\tex/latex/psnfss\omsztmcm.fd)
(C:\Users\Phu\AppData\Local\Programs\MiKTeX\tex/latex/psnfss\omxztmcm.fd)
(C:\Users\Phu\AppData\Local\Programs\MiKTeX\tex/latex/psnfss\ot1ptm.fd)
[1{C:/Users/Phu/AppData/Local/MiKTeX/fonts/map/pdftex/pdftex.map}{C:/Users/Phu/
AppData/Local/Programs/MiKTeX/fonts/enc/dvips/vntex/t5.enc} <./Images/logoBK.pn
g>]) (sections/00a_loicamon.tex
pdfTeX warning (ext4): destination with the same identifier (name{page.}) has b
een already used, duplicate ignored
<to be read again> 
                   \relax 
l.20 \clearpage
                [2]) (F:\DATN_rp\build\main.toc [1] [2]) [3]
(sections/01_acronyms.tex
sections/01_acronyms.tex:83: ignored error: Infinite glue shrinkage found in bo
x being split [4] [5]) (F:\DATN_rp\build\main.lof) [6]
(F:\DATN_rp\build\main.lot) [7] (sections/02_duty_roster.tex
Underfull \hbox (badness 10000) in paragraph at lines 23--23
[]|\T5/ptm/m/n/10.95 <Gateway MQTT bridge: sub-scribe cmd, pub-lish
[8]) (sections/03_modau.tex
(C:\Users\Phu\AppData\Local\Programs\MiKTeX\tex/latex/psnfss\ts1ptm.fd)
[9{C:/Users/Phu/AppData/Local/Programs/MiKTeX/fonts/enc/dvips/base/8r.enc}]
[10]) (sections/04_ch1_tongquan.tex
Ch\uhorn \ohorn ng 1.
[11] [12] (C:\Users\Phu\AppData\Local\Programs\MiKTeX\tex/latex/vntex\t5cmtt.fd
) [13]
Overfull \hbox (8.74304pt too wide) in paragraph at lines 174--175
[]\T5/cmtt/m/n/12 devices\T5/ptm/m/n/12 : Danh sˇch thi¸t bŕ ^^_˘ ^^_«ng kţ (de
-vice_id, de-vice_type, eui64, nwk_addr...). 
[14] [15] [16 <./Images/Star.png> <./Images/Mesh.png>] [17 <./Images/Tree.png> 
<./Images/Zigbee_Architecture.png>] [18] [19]
Overfull \hbox (9.41216pt too wide) in paragraph at lines 391--392
[]\T5/ptm/b/n/12 Attributes (Thuëc t˝nh): \T5/ptm/m/n/12 Cˇc bi¸n l÷u trú tr¤ng
 thˇi (v˝ dö: \T5/cmtt/m/n/12 OnOff = True/False\T5/ptm/m/n/12 , \T5/cmtt/m/n/1
2 Occupancy
[20 <./Images/Client_Server_Model.png>] [21 <./Images/MQTT_pub-sub.png>]
Overfull \hbox (3.41183pt too wide) in paragraph at lines 481--482
[]\T5/ptm/b/n/12 Subscriber: \T5/ptm/m/n/12 Thi¸t bŕ ^^_«ng kţ nhŞn tin tř Topi
c. V˝ dö: Cloud Back-end sub-scribe \T5/cmtt/m/n/12 sb/v1/.../#

Overfull \hbox (287.53825pt too wide) in paragraph at lines 485--486
[]\T5/ptm/b/n/12 Topic: \T5/ptm/m/n/12 Chuéi phĄn c§p dňng ^^_ş ^^_ŕnh tuy¸n ti
n nh­n, phĄn tˇch b¬ng d§u ``/''. V˝ dö: \T5/cmtt/m/n/12 sb/v1/tenant1/site1/gw
1/devices/light/light_01/reported\T5/ptm/m/n/12 . 
[22] [23 <./Images/UART.png>] [24 <./Images/Kit.png>]
Overfull \hbox (16.54533pt too wide) in paragraph at lines 638--639
[]\T5/ptm/b/n/12 USB J-Link (VCOM): \T5/ptm/m/n/12 Vir-tual COM Port giao ti¸p 
UART (EZSP/ASH) vîi Z3Gateway
[25]
Overfull \hbox (214.19731pt too wide) in paragraph at lines 716--717
\T5/ptm/m/n/12 en-ve-lope v  pub-lish l¶n MQTT bro-ker theo topic quy ÷îc, v˝ d
ö: \T5/cmtt/m/n/12 sb/v1/{tenant}/{site}/{gw}/devices/light/{id}/reported\T5/pt
m/m/n/12 . 

Overfull \hbox (13.02689pt too wide) in paragraph at lines 741--742
[]\T5/ptm/b/n/12 Cloud Back-end $\OMS/ztmcm/m/n/12 !$ \T5/ptm/b/n/12 MQTT Bro-k
er: \T5/ptm/m/n/12 Cloud Back-end t¤o com-mand mes-sage vîi \T5/cmtt/m/n/12 com
mand_id
[26]
Overfull \hbox (81.91394pt too wide) in paragraph at lines 749--750
[]\T5/ptm/b/n/12 Command Re-ply: \T5/ptm/m/n/12 Z3Gateway pub-lish k¸t quŁ thüc
 thi l¶n topic \T5/cmtt/m/n/12 sb/v1/.../commands/{cmd_id}/reply

Underfull \hbox (badness 2221) in paragraph at lines 799--799
[]|\T5/ptm/m/n/12 Tr¤ng thˇi on-line/offline

Overfull \hbox (26.83524pt too wide) in paragraph at lines 801--801
[]|\T5/cmtt/m/n/12 .../devices/{type}/{id}/reported| 

Overfull \hbox (20.66174pt too wide) in paragraph at lines 802--802
[]|\T5/cmtt/m/n/12 .../devices/{type}/{id}/desired| 

Overfull \hbox (33.00873pt too wide) in paragraph at lines 803--803
[]|\T5/cmtt/m/n/12 .../devices/{type}/{id}/telemetry| 

Overfull \hbox (8.31476pt too wide) in paragraph at lines 804--804
[]|\T5/cmtt/m/n/12 .../devices/{type}/{id}/event| 

Overfull \hbox (8.31476pt too wide) in paragraph at lines 805--805
[]|\T5/cmtt/m/n/12 .../commands/{cmd_id}/request| 
[27] [28] [29]) (sections/05_ch2_thietke.tex
Ch\uhorn \ohorn ng 2.
[30]
Underfull \hbox (badness 3078) in paragraph at lines 94--94
\T5/ptm/m/n/12 do gate-way bˇo

Underfull \hbox (badness 5105) in paragraph at lines 95--95
\T5/ptm/m/n/12 mučn do cloud

Underfull \hbox (badness 10000) in paragraph at lines 95--95
[]|\T5/cmtt/m/n/12 {"on_off":

Underfull \hbox (badness 2088) in paragraph at lines 96--96
[]|\T5/ptm/m/n/12 Dú li»u ^^_o ^^_¤c

Underfull \hbox (badness 10000) in paragraph at lines 97--97
[]|\T5/cmtt/m/n/12 {"type":

Underfull \hbox (badness 10000) in paragraph at lines 98--98
[]|\T5/ptm/m/n/12 Command re-

Underfull \hbox (badness 10000) in paragraph at lines 99--99
[]|\T5/ptm/m/n/12 Command re-ply
[31] [32] [33] [34] [35]
Overfull \hbox (59.08469pt too wide) in paragraph at lines 328--329
[]\T5/ptm/b/n/12 NhŞn com-mand re-ply: \T5/ptm/m/n/12 CŞp nhŞt tr¤ng thˇi com-m
and trong bŁng \T5/cmtt/m/n/12 commands \T5/ptm/m/n/12 (ex-e-cuted/failed/timeo
ut). 

Overfull \hbox (9.99672pt too wide) in paragraph at lines 329--330
[]\T5/ptm/b/n/12 Gűi com-mand: \T5/ptm/m/n/12 Khi REST API nhŞn POST \T5/cmtt/m
/n/12 /commands\T5/ptm/m/n/12 , Back-end t¤o record trong database,
[36] [37]) (sections/06_ch3_trienkhai.tex
Ch\uhorn \ohorn ng 3.

Underfull \hbox (badness 10000) in paragraph at lines 37--37
\T5/ptm/m/n/12 for-mat @DATA/@ACK/@INFO. Interrupt-
[38] [39]

LaTeX Warning: Reference `sec:ch1-interfaces-uart' on page 40 undefined on inpu
t line 182.

(C:\Users\Phu\AppData\Local\Programs\MiKTeX\tex/latex/listings\lstlang1.sty)
[40] [41] [42]

Package hyperref Warning: Token not allowed in a PDF string (Unicode):
(hyperref)                removing `math shift' on input line 357.


Package hyperref Warning: Token not allowed in a PDF string (Unicode):
(hyperref)                removing `\rightarrow' on input line 357.


Package hyperref Warning: Token not allowed in a PDF string (Unicode):
(hyperref)                removing `math shift' on input line 357.


Package hyperref Warning: Token not allowed in a PDF string (Unicode):
(hyperref)                removing `math shift' on input line 357.


Package hyperref Warning: Token not allowed in a PDF string (Unicode):
(hyperref)                removing `\rightarrow' on input line 357.


Package hyperref Warning: Token not allowed in a PDF string (Unicode):
(hyperref)                removing `math shift' on input line 357.


Package hyperref Warning: Token not allowed in a PDF string (Unicode):
(hyperref)                removing `math shift' on input line 357.


Package hyperref Warning: Token not allowed in a PDF string (Unicode):
(hyperref)                removing `\rightarrow' on input line 357.


Package hyperref Warning: Token not allowed in a PDF string (Unicode):
(hyperref)                removing `math shift' on input line 357.


Package hyperref Warning: Token not allowed in a PDF string (Unicode):
(hyperref)                removing `math shift' on input line 362.


Package hyperref Warning: Token not allowed in a PDF string (Unicode):
(hyperref)                removing `\rightarrow' on input line 362.


Package hyperref Warning: Token not allowed in a PDF string (Unicode):
(hyperref)                removing `math shift' on input line 362.

[43]) (sections/07_ch4_ketqua.tex
Ch\uhorn \ohorn ng 4.
[44] [45]) (sections/08_ch5_ketluan.tex
Ch\uhorn \ohorn ng 5.
[46]
Overfull \hbox (30.7702pt too wide) in paragraph at lines 68--70
[]\T5/ptm/b/n/12 Mđ rëng de-vice types: \T5/ptm/m/n/12 Th¶m dim-mer (Level Con-
trol Clus-ter), tem-per-a-ture sen-sor, door/window
) (sections/09_references.tex [47]
Underfull \hbox (badness 7362) in paragraph at lines 40--41
[]\T5/ptm/m/n/12 Texas In-stru-ments. (2010). \T5/ptm/m/it/12 Key-Stone Ar-chi-
tec-ture Uni-ver-sal Asyn-chronous Re-
) [48] (F:\DATN_rp\build\main.aux)

LaTeX Warning: There were undefined references.

 )
(see the transcript file for additional information)<C:/Users/Phu/AppData/Local
/Programs/MiKTeX/fonts/type1/public/amsfonts/cm/cmmi10.pfb><C:/Users/Phu/AppDat
a/Local/Programs/MiKTeX/fonts/type1/public/amsfonts/cm/cmr10.pfb><C:/Users/Phu/
AppData/Local/Programs/MiKTeX/fonts/type1/public/amsfonts/cm/cmsy10.pfb><C:/Use
rs/Phu/AppData/Local/Programs/MiKTeX/fonts/type1/vntex/urwvn/utmb8v.pfb><C:/Use
rs/Phu/AppData/Local/Programs/MiKTeX/fonts/type1/urw/times/utmr8a.pfb><C:/Users
/Phu/AppData/Local/Programs/MiKTeX/fonts/type1/vntex/urwvn/utmr8v.pfb><C:/Users
/Phu/AppData/Local/Programs/MiKTeX/fonts/type1/urw/times/utmri8a.pfb><C:/Users/
Phu/AppData/Local/Programs/MiKTeX/fonts/type1/vntex/urwvn/utmri8v.pfb><C:/Users
/Phu/AppData/Local/Programs/MiKTeX/fonts/type1/vntex/vnr/vnitt10.pfb><C:/Users/
Phu/AppData/Local/Programs/MiKTeX/fonts/type1/vntex/vnr/vntt10.pfb><C:/Users/Ph
u/AppData/Local/Programs/MiKTeX/fonts/type1/vntex/vnr/vntt12.pfb>
Output written on F:\DATN_rp\build\main.pdf (50 pages, 1408566 bytes).
SyncTeX written on F:\DATN_rp\build/main.synctex.gz.
Transcript written on F:\DATN_rp\build\main.log.
